<?xml version="1.0" encoding="UTF-8"?>
<testsuite xmlns:xsi="http://www.w3.org/2001/XMLSchema-instance" xsi:schemaLocation="https://maven.apache.org/surefire/maven-surefire-plugin/xsd/surefire-test-report.xsd" name="TestSuite" time="130.177" tests="3" errors="0" skipped="0" failures="1">
  <properties>
    <property name="java.vendor" value="Oracle Corporation"/>
    <property name="JOB_NAME" value="MavenProject_Job2"/>
    <property name="sun.java.launcher" value="SUN_STANDARD"/>
    <property name="windows_tracing_logfile" value="C:\BVTBin\Tests\installpackage\csilogfile.log"/>
    <property name="NUMBER_OF_PROCESSORS" value="4"/>
    <property name="sun.management.compiler" value="HotSpot 64-Bit Tiered Compilers"/>
    <property name="JENKINS_HOME" value="C:\Users\Mahendra\.jenkins"/>
    <property name="HUDSON_SERVER_COOKIE" value="763e617fe904ab22"/>
    <property name="os.name" value="Windows 7"/>
    <property name="sun.boot.class.path" value="C:\Program Files\Java\jdk1.8.0_65\jre\lib\resources.jar;C:\Program Files\Java\jdk1.8.0_65\jre\lib\rt.jar;C:\Program Files\Java\jdk1.8.0_65\jre\lib\sunrsasign.jar;C:\Program Files\Java\jdk1.8.0_65\jre\lib\jsse.jar;C:\Program Files\Java\jdk1.8.0_65\jre\lib\jce.jar;C:\Program Files\Java\jdk1.8.0_65\jre\lib\charsets.jar;C:\Program Files\Java\jdk1.8.0_65\jre\lib\jfr.jar;C:\Program Files\Java\jdk1.8.0_65\jre\classes"/>
    <property name="EXECUTOR_NUMBER" value="0"/>
    <property name="sun.desktop" value="windows"/>
    <property name="PATHEXT" value=".COM;.EXE;.BAT;.CMD;.VBS;.VBE;.JS;.JSE;.WSF;.WSH;.MSC"/>
    <property name="M2HOME" value="D:\Apache\apache-maven-3.3.3"/>
    <property name="java.vm.specification.vendor" value="Oracle Corporation"/>
    <property name="NODE_LABELS" value="master"/>
    <property name="TEMP" value="C:\Users\Mahendra\AppData\Local\Temp"/>
    <property name="java.runtime.version" value="1.8.0_65-b17"/>
    <property name="ANT_HOME" value="C:\Apache\apache-ant-1.9.4"/>
    <property name="user.name" value="Mahendra"/>
    <property name="guice.disable.misplaced.annotation.check" value="true"/>
    <property name="CommonProgramW6432" value="C:\Program Files\Common Files"/>
    <property name="ProgramFiles" value="C:\Program Files"/>
    <property name="PROMPT" value="$P$G"/>
    <property name="user.language" value="en"/>
    <property name="BUILD_DISPLAY_NAME" value="#1"/>
    <property name="sun.boot.library.path" value="C:\Program Files\Java\jdk1.8.0_65\jre\bin"/>
    <property name="MYSQL_HOME" value="C:\Program Files\MySQL\MySQL Server 5.6"/>
    <property name="LOCALAPPDATA" value="C:\Users\Mahendra\AppData\Local"/>
    <property name="java.version" value="1.8.0_65"/>
    <property name="PROCESSOR_LEVEL" value="6"/>
    <property name="user.timezone" value="Asia/Calcutta"/>
    <property name="USERNAME" value="Mahendra"/>
    <property name="sun.arch.data.model" value="64"/>
    <property name="NODE_NAME" value="master"/>
    <property name="java.endorsed.dirs" value="C:\Program Files\Java\jdk1.8.0_65\jre\lib\endorsed"/>
    <property name="BUILD_ID" value="1"/>
    <property name="sun.cpu.isalist" value="amd64"/>
    <property name="PYTHON_HOME" value="C:\Python27"/>
    <property name="sun.jnu.encoding" value="Cp1252"/>
    <property name="file.encoding.pkg" value="sun.io"/>
    <property name="ECLIPSE_HOME" value="D:\Selenium\eclipse-jee-mars-1-win32-x86_64\eclipse"/>
    <property name="file.separator" value="\"/>
    <property name="java.specification.name" value="Java Platform API Specification"/>
    <property name="HOMEDRIVE" value="C:"/>
    <property name="java.class.version" value="52.0"/>
    <property name="org.slf4j.simpleLogger.defaultLogLevel" value="info"/>
    <property name="user.country" value="US"/>
    <property name="ALLUSERSPROFILE" value="C:\ProgramData"/>
    <property name="java.home" value="C:\Program Files\Java\jdk1.8.0_65\jre"/>
    <property name="java.vm.info" value="mixed mode"/>
    <property name="os.version" value="6.1"/>
    <property name="CATALINA_HOME" value="D:\APITesting\Argus\ApacheTomat\apache-tomcat-6.0.44"/>
    <property name="SikuliLibs" value="C:\Selenium\SikuliTool\libs"/>
    <property name="TMP" value="C:\Users\Mahendra\AppData\Local\Temp"/>
    <property name="path.separator" value=";"/>
    <property name="java.vm.version" value="25.65-b01"/>
    <property name="user.variant" value=""/>
    <property name="CommonProgramFiles(x86)" value="C:\Program Files (x86)\Common Files"/>
    <property name="java.awt.printerjob" value="sun.awt.windows.WPrinterJob"/>
    <property name="FP_NO_HOST_CHECK" value="NO"/>
    <property name="JAVA_HOME" value="C:\Program Files\Java\jdk1.8.0_65"/>
    <property name="sun.io.unicode.encoding" value="UnicodeLittle"/>
    <property name="CommonProgramFiles" value="C:\Program Files\Common Files"/>
    <property name="ComSpec" value="C:\Windows\system32\cmd.exe"/>
    <property name="HOMEPATH" value="\Users\Mahendra"/>
    <property name="awt.toolkit" value="sun.awt.windows.WToolkit"/>
    <property name="COMPUTERNAME" value="10X-MAHENDRA"/>
    <property name="user.script" value=""/>
    <property name="PUBLIC" value="C:\Users\Public"/>
    <property name="user.home" value="C:\Users\Mahendra"/>
    <property name="BUILD_TAG" value="jenkins-MavenProject_Job2-1"/>
    <property name="JENKINS_SERVER_COOKIE" value="763e617fe904ab22"/>
    <property name="HUDSON_URL" value="http://localhost:8583/"/>
    <property name="ProgramData" value="C:\ProgramData"/>
    <property name="java.specification.vendor" value="Oracle Corporation"/>
    <property name="USERPROFILE" value="C:\Users\Mahendra"/>
    <property name="CLASSPATH" value=""/>
    <property name="java.vendor.url" value="http://java.oracle.com/"/>
    <property name="java.library.path" value="C:\Program Files\Java\jdk1.8.0_65\bin;C:\Windows\Sun\Java\bin;C:\Windows\system32;C:\Windows;D:\Apache\apache-maven-3.3.3/bin;C:\Program Files\Java\jdk1.8.0_65/bin;C:\Program Files\Java\jdk1.8.0_65/bin;C:\ProgramData\Oracle\Java\javapath;C:\PROGRAM FILES\DELL\DW WLAN CARD;C:\Windows\SYSTEM32;C:\Windows;C:\Windows\SYSTEM32\WBEM;C:\Windows\SYSTEM32\WINDOWSPOWERSHELL\V1.0\;C:\Program Files\WIDCOMM\Bluetooth Software\;C:\Program Files\WIDCOMM\Bluetooth Software\syswow64;C:\Python27;C:\Python27\Scripts;E:\Tenx_Office\apache-maven-3.3.3-bin\apache-maven-3.3.3\bin;C:\Program Files\Java\jdk1.8.0_65;C:\Program Files\Java\jdk1.8.0_65\bin;C:\Apache\apache-ant-1.9.4\bin;C:\Program Files\TortoiseSVN\bin;C:\Python27;C:\Python27\Scripts;D:\APITesting\Argus\ApacheTomat\apache-tomcat-6.0.44;D:\APITesting\Argus\ApacheTomat\apache-tomcat-6.0.44\bin;D:\eclipse;C:\Program Files\MySQL\MySQL Server 5.7;C:\Program Files\MySQL\MySQL Server 5.7\bin;C:\WebDrivers;C:\Users\Mahendra\android-sdks\platform-tools;C:\Users\Mahendra\android-sdks\tools;C:\Apache\apache-maven-3.3.3\bin;C:\Program Files\SmartBear\SoapUI-5.2.1\wsi-test-tools;C:\Program Files (x86)\Skype\Phone\;D:\Apache\apache-maven-3.3.3\bin;D:\Apache\apache-maven-3.3.3\bin;C:\Program Files\Git\bin;D:\Selenium\eclipse-jee-mars-1-win32-x86_64\eclipse;;."/>
    <property name="CYGWIN" value="tty"/>
    <property name="java.vm.vendor" value="Oracle Corporation"/>
    <property name="APPDATA" value="C:\Users\Mahendra\AppData\Roaming"/>
    <property name="JMETER_HOME" value="C:\Apache\apache-jmeter-2.13"/>
    <property name="java.runtime.name" value="Java(TM) SE Runtime Environment"/>
    <property name="maven.home" value="D:\Apache\apache-maven-3.3.3"/>
    <property name="java.class.path" value="C:\Users\Mahendra\.jenkins\plugins\maven-plugin\WEB-INF\lib\maven32-agent-1.7.jar;D:\Apache\apache-maven-3.3.3\boot\plexus-classworlds-2.5.2.jar;D:\Apache\apache-maven-3.3.3/conf/logging"/>
    <property name="sun.java.command" value="jenkins.maven3.agent.Maven32Main D:\Apache\apache-maven-3.3.3 C:\Users\Mahendra\.jenkins\war\WEB-INF\lib\remoting-2.53.2.jar C:\Users\Mahendra\.jenkins\plugins\maven-plugin\WEB-INF\lib\maven32-interceptor-1.7.jar C:\Users\Mahendra\.jenkins\plugins\maven-plugin\WEB-INF\lib\maven3-interceptor-commons-1.7.jar 49922"/>
    <property name="Path" value="C:\Program Files\Java\jdk1.8.0_65/bin;C:\ProgramData\Oracle\Java\javapath;C:\PROGRAM FILES\DELL\DW WLAN CARD;C:\Windows\SYSTEM32;C:\Windows;C:\Windows\SYSTEM32\WBEM;C:\Windows\SYSTEM32\WINDOWSPOWERSHELL\V1.0\;C:\Program Files\WIDCOMM\Bluetooth Software\;C:\Program Files\WIDCOMM\Bluetooth Software\syswow64;C:\Python27;C:\Python27\Scripts;E:\Tenx_Office\apache-maven-3.3.3-bin\apache-maven-3.3.3\bin;C:\Program Files\Java\jdk1.8.0_65;C:\Program Files\Java\jdk1.8.0_65\bin;C:\Apache\apache-ant-1.9.4\bin;C:\Program Files\TortoiseSVN\bin;C:\Python27;C:\Python27\Scripts;D:\APITesting\Argus\ApacheTomat\apache-tomcat-6.0.44;D:\APITesting\Argus\ApacheTomat\apache-tomcat-6.0.44\bin;D:\eclipse;C:\Program Files\MySQL\MySQL Server 5.7;C:\Program Files\MySQL\MySQL Server 5.7\bin;C:\WebDrivers;C:\Users\Mahendra\android-sdks\platform-tools;C:\Users\Mahendra\android-sdks\tools;C:\Apache\apache-maven-3.3.3\bin;C:\Program Files\SmartBear\SoapUI-5.2.1\wsi-test-tools;C:\Program Files (x86)\Skype\Phone\;D:\Apache\apache-maven-3.3.3\bin;D:\Apache\apache-maven-3.3.3\bin;C:\Program Files\Git\bin;D:\Selenium\eclipse-jee-mars-1-win32-x86_64\eclipse;"/>
    <property name="java.vm.specification.name" value="Java Virtual Machine Specification"/>
    <property name="PROCESSOR_ARCHITECTURE" value="AMD64"/>
    <property name="PATH+JDK" value="C:\Program Files\Java\jdk1.8.0_65/bin"/>
    <property name="PROCESSOR_IDENTIFIER" value="Intel64 Family 6 Model 61 Stepping 4, GenuineIntel"/>
    <property name="SESSIONNAME" value="Console"/>
    <property name="java.vm.specification.version" value="1.8"/>
    <property name="sun.os.patch.level" value="Service Pack 1"/>
    <property name="sun.cpu.endian" value="little"/>
    <property name="M2_HOME" value="D:\Apache\apache-maven-3.3.3"/>
    <property name="=D:" value="D:\Selenium\Jenkins"/>
    <property name="java.io.tmpdir" value="C:\Users\Mahendra\AppData\Local\Temp\"/>
    <property name="OS" value="Windows_NT"/>
    <property name="HUDSON_HOME" value="C:\Users\Mahendra\.jenkins"/>
    <property name="PATH+MAVEN" value="D:\Apache\apache-maven-3.3.3/bin"/>
    <property name="ProgramFiles(x86)" value="C:\Program Files (x86)"/>
    <property name="BUILD_URL" value="http://localhost:8583/job/MavenProject_Job2/1/"/>
    <property name="java.vendor.url.bug" value="http://bugreport.sun.com/bugreport/"/>
    <property name="java.awt.graphicsenv" value="sun.awt.Win32GraphicsEnvironment"/>
    <property name="os.arch" value="amd64"/>
    <property name="SystemRoot" value="C:\Windows"/>
    <property name="windows_tracing_flags" value="3"/>
    <property name="java.ext.dirs" value="C:\Program Files\Java\jdk1.8.0_65\jre\lib\ext;C:\Windows\Sun\Java\lib\ext"/>
    <property name="user.dir" value="D:\Selenium\GitWorkspace\AutomationTestingProject"/>
    <property name="JOB_URL" value="http://localhost:8583/job/MavenProject_Job2/"/>
    <property name="LOGONSERVER" value="\\10X-MAHENDRA"/>
    <property name="PYSQL_HOME" value="C:\Program Files\MySQL\MySQL Server 5.7"/>
    <property name="USERDOMAIN" value="10X-MAHENDRA"/>
    <property name="line.separator" value="&#10;"/>
    <property name="MAVEN_HOME" value="D:\Apache\apache-maven-3.3.3"/>
    <property name="VS100COMNTOOLS" value="C:\Program Files (x86)\Microsoft Visual Studio 10.0\Common7\Tools\"/>
    <property name="java.vm.name" value="Java HotSpot(TM) 64-Bit Server VM"/>
    <property name="BUILD_NUMBER" value="1"/>
    <property name="ANDROID_HOME" value="C:\Users\Mahendra\android-sdks"/>
    <property name="JENKINS_URL" value="http://localhost:8583/"/>
    <property name="PROCESSOR_REVISION" value="3d04"/>
    <property name="ProgramW6432" value="C:\Program Files"/>
    <property name="windir" value="C:\Windows"/>
    <property name="WSI_HOME" value="C:\Program Files\SmartBear\SoapUI-5.2.1\wsi-test-tools"/>
    <property name="file.encoding" value="Cp1252"/>
    <property name="GIT_HOME" value="C:\Program Files\Git"/>
    <property name="SystemDrive" value="C:"/>
    <property name="maven3.interceptor" value="C:\Users\Mahendra\.jenkins\plugins\maven-plugin\WEB-INF\lib\maven32-interceptor-1.7.jar"/>
    <property name="WORKSPACE" value="C:\Users\Mahendra\.jenkins\workspace\MavenProject_Job2"/>
    <property name="maven3.interceptor.common" value="C:\Users\Mahendra\.jenkins\plugins\maven-plugin\WEB-INF\lib\maven3-interceptor-commons-1.7.jar"/>
    <property name="java.specification.version" value="1.8"/>
    <property name="PSModulePath" value="C:\Windows\system32\WindowsPowerShell\v1.0\Modules\;C:\Program Files (x86)\AutoIt3\AutoItX"/>
  </properties>
  <testcase name="testMethod" classname="Tenxlabs.AutomationTesting.TestCase01" time="0.012"/>
  <testcase name="fun" classname="Tenxlabs.AutomationTesting.TestCase02" time="0"/>
  <testcase name="testDownload" classname="Tenxlabs.AutomationTesting.ExampleTest" time="65.966">
    <failure message="invalid selector: Unable to locate an element with the xpath expression //div[@class=&apos;main&apos;]/h1 because of the following error:&#10;TypeError: Failed to execute &apos;createNSResolver&apos; on &apos;Document&apos;: parameter 1 is not of type &apos;Node&apos;.&#10;  (Session info: chrome=48.0.2564.97)&#10;  (Driver info: chromedriver=2.15.322448 (52179c1b310fec1797c81ea9a20326839860b7d3),platform=Windows NT 6.1 SP1 x86_64) (WARNING: The server did not provide any stacktrace information)&#10;Command duration or timeout: 52.73 seconds&#10;For documentation on this error, please visit: http://seleniumhq.org/exceptions/invalid_selector_exception.html&#10;Build info: version: &apos;2.50.1&apos;, revision: &apos;d7fc91b29de65b790abb01f3ac5f7ea2191c88a7&apos;, time: &apos;2016-01-29 11:11:26&apos;&#10;System info: host: &apos;10X-Mahendra&apos;, ip: &apos;192.168.0.113&apos;, os.name: &apos;Windows 7&apos;, os.arch: &apos;amd64&apos;, os.version: &apos;6.1&apos;, java.version: &apos;1.8.0_65&apos;&#10;Driver info: org.openqa.selenium.chrome.ChromeDriver&#10;Capabilities [{applicationCacheEnabled=false, rotatable=false, mobileEmulationEnabled=false, chrome={userDataDir=C:\Users\Mahendra\AppData\Local\Temp\scoped_dir6768_20376}, takesHeapSnapshot=true, databaseEnabled=false, handlesAlerts=true, version=48.0.2564.97, platform=XP, browserConnectionEnabled=false, nativeEvents=true, acceptSslCerts=true, locationContextEnabled=true, webStorageEnabled=true, browserName=chrome, takesScreenshot=true, javascriptEnabled=true, cssSelectorsEnabled=true}]&#10;Session ID: b5f69d6afb2b94704754b2e74777ea1e&#10;*** Element info: {Using=xpath, value=//div[@class=&apos;main&apos;]/h1}" type="org.openqa.selenium.InvalidSelectorException">org.openqa.selenium.InvalidSelectorException: 
invalid selector: Unable to locate an element with the xpath expression //div[@class='main']/h1 because of the following error:
TypeError: Failed to execute 'createNSResolver' on 'Document': parameter 1 is not of type 'Node'.
  (Session info: chrome=48.0.2564.97)
  (Driver info: chromedriver=2.15.322448 (52179c1b310fec1797c81ea9a20326839860b7d3),platform=Windows NT 6.1 SP1 x86_64) (WARNING: The server did not provide any stacktrace information)
Command duration or timeout: 52.73 seconds
For documentation on this error, please visit: http://seleniumhq.org/exceptions/invalid_selector_exception.html
Build info: version: '2.50.1', revision: 'd7fc91b29de65b790abb01f3ac5f7ea2191c88a7', time: '2016-01-29 11:11:26'
System info: host: '10X-Mahendra', ip: '192.168.0.113', os.name: 'Windows 7', os.arch: 'amd64', os.version: '6.1', java.version: '1.8.0_65'
Driver info: org.openqa.selenium.chrome.ChromeDriver
Capabilities [{applicationCacheEnabled=false, rotatable=false, mobileEmulationEnabled=false, chrome={userDataDir=C:\Users\Mahendra\AppData\Local\Temp\scoped_dir6768_20376}, takesHeapSnapshot=true, databaseEnabled=false, handlesAlerts=true, version=48.0.2564.97, platform=XP, browserConnectionEnabled=false, nativeEvents=true, acceptSslCerts=true, locationContextEnabled=true, webStorageEnabled=true, browserName=chrome, takesScreenshot=true, javascriptEnabled=true, cssSelectorsEnabled=true}]
Session ID: b5f69d6afb2b94704754b2e74777ea1e
*** Element info: {Using=xpath, value=//div[@class='main']/h1}
	at Tenxlabs.AutomationTesting.ExampleTest.testDownload(ExampleTest.java:34)
</failure>
  </testcase>
</testsuite>